# JRE version: OpenJDK Runtime Environment (21.0.5) (build 21.0.5+-13047016-b750.29)
# Java VM: OpenJDK 64-Bit Server VM (21.0.5+-13047016-b750.29, mixed mode, tiered, compressed oops, compressed class ptrs, g1 gc, windows-amd64)
GC Precious Log:
 CardTable entry size: 512
 Card Set container configuration: InlinePtr #cards 5 size 8 Array Of Cards #cards 12 size 40 Howl #buckets 4 coarsen threshold 1843 Howl Bitmap #cards 512 size 80 coarsen threshold 460 Card regions per heap region 1 cards per card region 2048
 CPUs: 8 total, 8 available
 Memory: 16229M
 Large Page Support: Disabled
 NUMA Support: Disabled
 Compressed Oops: Enabled (32-bit)
 Heap Region Size: 1M
 Heap Min Capacity: 8M
 Heap Initial Capacity: 254M
 Heap Max Capacity: 2G
 Pre-touch: Disabled
 Parallel Workers: 8
 Concurrent Workers: 2
 Concurrent Refinement Workers: 8
 Periodic GC: Disabled
Heap:
 garbage-first heap   total 400384K, used 334848K [0x0000000080000000, 0x0000000100000000)
  region size 1024K, 7 young (7168K), 7 survivors (7168K)
 Metaspace       used 125840K, committed 128000K, reserved 1179648K
  class space    used 17084K, committed 18176K, reserved 1048576K
GC Heap History (20 events):
Event: 22.363 GC heap after
{Heap after GC invocations=46 (full 0):
 garbage-first heap   total 184320K, used 120220K [0x0000000080000000, 0x0000000100000000)
  region size 1024K, 6 young (6144K), 6 survivors (6144K)
 Metaspace       used 115052K, committed 117248K, reserved 1179648K
  class space    used 15502K, committed 16576K, reserved 1048576K
}
Event: 22.855 GC heap before
{Heap before GC invocations=47 (full 0):
 garbage-first heap   total 201728K, used 165276K [0x0000000080000000, 0x0000000100000000)
  region size 1024K, 51 young (52224K), 6 survivors (6144K)
 Metaspace       used 115213K, committed 117440K, reserved 1179648K
  class space    used 15527K, committed 16640K, reserved 1048576K
}
Event: 22.862 GC heap after
{Heap after GC invocations=48 (full 0):
 garbage-first heap   total 201728K, used 121720K [0x0000000080000000, 0x0000000100000000)
  region size 1024K, 4 young (4096K), 4 survivors (4096K)
 Metaspace       used 115213K, committed 117440K, reserved 1179648K
  class space    used 15527K, committed 16640K, reserved 1048576K
}
Event: 23.574 GC heap before
{Heap before GC invocations=48 (full 0):
 garbage-first heap   total 201728K, used 182136K [0x0000000080000000, 0x0000000100000000)
  region size 1024K, 64 young (65536K), 4 survivors (4096K)
 Metaspace       used 116423K, committed 118656K, reserved 1179648K
  class space    used 15641K, committed 16768K, reserved 1048576K
}
Event: 23.580 GC heap after
{Heap after GC invocations=49 (full 0):
 garbage-first heap   total 242688K, used 123490K [0x0000000080000000, 0x0000000100000000)
  region size 1024K, 6 young (6144K), 6 survivors (6144K)
 Metaspace       used 116423K, committed 118656K, reserved 1179648K
  class space    used 15641K, committed 16768K, reserved 1048576K
}
Event: 24.741 GC heap before
{Heap before GC invocations=49 (full 0):
 garbage-first heap   total 242688K, used 221794K [0x0000000080000000, 0x0000000100000000)
  region size 1024K, 103 young (105472K), 6 survivors (6144K)
 Metaspace       used 118099K, committed 120256K, reserved 1179648K
  class space    used 15847K, committed 16960K, reserved 1048576K
}
Event: 24.754 GC heap after
{Heap after GC invocations=50 (full 0):
 garbage-first heap   total 242688K, used 127777K [0x0000000080000000, 0x0000000100000000)
  region size 1024K, 11 young (11264K), 11 survivors (11264K)
 Metaspace       used 118099K, committed 120256K, reserved 1179648K
  class space    used 15847K, committed 16960K, reserved 1048576K
}
Event: 25.407 GC heap before
{Heap before GC invocations=50 (full 0):
 garbage-first heap   total 242688K, used 240417K [0x0000000080000000, 0x0000000100000000)
  region size 1024K, 94 young (96256K), 11 survivors (11264K)
 Metaspace       used 118966K, committed 121216K, reserved 1179648K
  class space    used 15962K, committed 17088K, reserved 1048576K
}
Event: 25.424 GC heap after
{Heap after GC invocations=51 (full 0):
 garbage-first heap   total 264192K, used 166288K [0x0000000080000000, 0x0000000100000000)
  region size 1024K, 12 young (12288K), 12 survivors (12288K)
 Metaspace       used 118966K, committed 121216K, reserved 1179648K
  class space    used 15962K, committed 17088K, reserved 1048576K
}
Event: 25.921 GC heap before
{Heap before GC invocations=51 (full 0):
 garbage-first heap   total 264192K, used 238992K [0x0000000080000000, 0x0000000100000000)
  region size 1024K, 66 young (67584K), 12 survivors (12288K)
 Metaspace       used 122667K, committed 124928K, reserved 1179648K
  class space    used 16475K, committed 17600K, reserved 1048576K
}
Event: 25.928 GC heap after
{Heap after GC invocations=52 (full 0):
 garbage-first heap   total 264192K, used 181006K [0x0000000080000000, 0x0000000100000000)
  region size 1024K, 7 young (7168K), 7 survivors (7168K)
 Metaspace       used 122667K, committed 124928K, reserved 1179648K
  class space    used 16475K, committed 17600K, reserved 1048576K
}
Event: 25.934 GC heap before
{Heap before GC invocations=52 (full 0):
 garbage-first heap   total 264192K, used 190222K [0x0000000080000000, 0x0000000100000000)
  region size 1024K, 12 young (12288K), 7 survivors (7168K)
 Metaspace       used 122673K, committed 124928K, reserved 1179648K
  class space    used 16475K, committed 17600K, reserved 1048576K
}
Event: 25.938 GC heap after
{Heap after GC invocations=53 (full 0):
 garbage-first heap   total 264192K, used 183140K [0x0000000080000000, 0x0000000100000000)
  region size 1024K, 3 young (3072K), 3 survivors (3072K)
 Metaspace       used 122673K, committed 124928K, reserved 1179648K
  class space    used 16475K, committed 17600K, reserved 1048576K
}
Event: 26.413 GC heap before
{Heap before GC invocations=54 (full 0):
 garbage-first heap   total 384000K, used 287588K [0x0000000080000000, 0x0000000100000000)
  region size 1024K, 59 young (60416K), 3 survivors (3072K)
 Metaspace       used 122998K, committed 125248K, reserved 1179648K
  class space    used 16518K, committed 17664K, reserved 1048576K
}
Event: 26.429 GC heap after
{Heap after GC invocations=55 (full 0):
 garbage-first heap   total 384000K, used 223232K [0x0000000080000000, 0x0000000100000000)
  region size 1024K, 8 young (8192K), 8 survivors (8192K)
 Metaspace       used 122998K, committed 125248K, reserved 1179648K
  class space    used 16518K, committed 17664K, reserved 1048576K
}
Event: 27.398 GC heap before
{Heap before GC invocations=55 (full 0):
 garbage-first heap   total 384000K, used 342016K [0x0000000080000000, 0x0000000100000000)
  region size 1024K, 119 young (121856K), 8 survivors (8192K)
 Metaspace       used 125769K, committed 127936K, reserved 1179648K
  class space    used 17082K, committed 18176K, reserved 1048576K
}
Event: 27.472 GC heap after
{Heap after GC invocations=56 (full 0):
 garbage-first heap   total 397312K, used 271360K [0x0000000080000000, 0x0000000100000000)
  region size 1024K, 15 young (15360K), 15 survivors (15360K)
 Metaspace       used 125769K, committed 127936K, reserved 1179648K
  class space    used 17082K, committed 18176K, reserved 1048576K
}
Event: 27.837 GC heap before
{Heap before GC invocations=56 (full 0):
 garbage-first heap   total 397312K, used 344064K [0x0000000080000000, 0x0000000100000000)
  region size 1024K, 87 young (89088K), 15 survivors (15360K)
 Metaspace       used 125837K, committed 128000K, reserved 1179648K
  class space    used 17084K, committed 18176K, reserved 1048576K
}
Event: 27.903 GC heap after
{Heap after GC invocations=57 (full 0):
 garbage-first heap   total 400384K, used 310784K [0x0000000080000000, 0x0000000100000000)
  region size 1024K, 11 young (11264K), 11 survivors (11264K)
 Metaspace       used 125837K, committed 128000K, reserved 1179648K
  class space    used 17084K, committed 18176K, reserved 1048576K
}
Event: 28.207 GC heap before
{Heap before GC invocations=57 (full 0):
 garbage-first heap   total 400384K, used 353792K [0x0000000080000000, 0x0000000100000000)
  region size 1024K, 54 young (55296K), 11 survivors (11264K)
 Metaspace       used 125840K, committed 128000K, reserved 1179648K
  class space    used 17084K, committed 18176K, reserved 1048576K
}

