# JRE version: OpenJDK Runtime Environment (21.0.5) (build 21.0.5+-13047016-b750.29)
# Java VM: OpenJDK 64-Bit Server VM (21.0.5+-13047016-b750.29, mixed mode, tiered, compressed oops, compressed class ptrs, g1 gc, windows-amd64)
GC Precious Log:
 CardTable entry size: 512
 Card Set container configuration: InlinePtr #cards 5 size 8 Array Of Cards #cards 12 size 40 Howl #buckets 4 coarsen threshold 1843 Howl Bitmap #cards 512 size 80 coarsen threshold 460 Card regions per heap region 1 cards per card region 2048
 CPUs: 8 total, 8 available
 Memory: 16229M
 Large Page Support: Disabled
 NUMA Support: Disabled
 Compressed Oops: Enabled (32-bit)
 Heap Region Size: 1M
 Heap Min Capacity: 8M
 Heap Initial Capacity: 254M
 Heap Max Capacity: 2G
 Pre-touch: Disabled
 Parallel Workers: 8
 Concurrent Workers: 2
 Concurrent Refinement Workers: 8
 Periodic GC: Disabled
Heap:
 garbage-first heap   total 365568K, used 311808K [0x0000000080000000, 0x0000000100000000)
  region size 1024K, 6 young (6144K), 6 survivors (6144K)
 Metaspace       used 123830K, committed 126016K, reserved 1179648K
  class space    used 16880K, committed 17984K, reserved 1048576K
GC Heap History (20 events):
Event: 20.857 GC heap after
{Heap after GC invocations=42 (full 0):
 garbage-first heap   total 193536K, used 120577K [0x0000000080000000, 0x0000000100000000)
  region size 1024K, 7 young (7168K), 7 survivors (7168K)
 Metaspace       used 115208K, committed 117440K, reserved 1179648K
  class space    used 15528K, committed 16640K, reserved 1048576K
}
Event: 21.419 GC heap before
{Heap before GC invocations=43 (full 0):
 garbage-first heap   total 203776K, used 172801K [0x0000000080000000, 0x0000000100000000)
  region size 1024K, 59 young (60416K), 7 survivors (7168K)
 Metaspace       used 115243K, committed 117440K, reserved 1179648K
  class space    used 15529K, committed 16640K, reserved 1048576K
}
Event: 21.427 GC heap after
{Heap after GC invocations=44 (full 0):
 garbage-first heap   total 244736K, used 122352K [0x0000000080000000, 0x0000000100000000)
  region size 1024K, 4 young (4096K), 4 survivors (4096K)
 Metaspace       used 115243K, committed 117440K, reserved 1179648K
  class space    used 15529K, committed 16640K, reserved 1048576K
}
Event: 22.336 GC heap before
{Heap before GC invocations=44 (full 0):
 garbage-first heap   total 244736K, used 217584K [0x0000000080000000, 0x0000000100000000)
  region size 1024K, 98 young (100352K), 4 survivors (4096K)
 Metaspace       used 116155K, committed 118336K, reserved 1179648K
  class space    used 15666K, committed 16768K, reserved 1048576K
}
Event: 22.348 GC heap after
{Heap after GC invocations=45 (full 0):
 garbage-first heap   total 244736K, used 125351K [0x0000000080000000, 0x0000000100000000)
  region size 1024K, 9 young (9216K), 9 survivors (9216K)
 Metaspace       used 116155K, committed 118336K, reserved 1179648K
  class space    used 15666K, committed 16768K, reserved 1048576K
}
Event: 23.050 GC heap before
{Heap before GC invocations=45 (full 0):
 garbage-first heap   total 244736K, used 219559K [0x0000000080000000, 0x0000000100000000)
  region size 1024K, 102 young (104448K), 9 survivors (9216K)
 Metaspace       used 117054K, committed 119296K, reserved 1179648K
  class space    used 15772K, committed 16896K, reserved 1048576K
}
Event: 23.061 GC heap after
{Heap after GC invocations=46 (full 0):
 garbage-first heap   total 244736K, used 130004K [0x0000000080000000, 0x0000000100000000)
  region size 1024K, 11 young (11264K), 11 survivors (11264K)
 Metaspace       used 117054K, committed 119296K, reserved 1179648K
  class space    used 15772K, committed 16896K, reserved 1048576K
}
Event: 23.975 GC heap before
{Heap before GC invocations=47 (full 0):
 garbage-first heap   total 244736K, used 242644K [0x0000000080000000, 0x0000000100000000)
  region size 1024K, 69 young (70656K), 11 survivors (11264K)
 Metaspace       used 120676K, committed 122880K, reserved 1179648K
  class space    used 16278K, committed 17408K, reserved 1048576K
}
Event: 23.989 GC heap after
{Heap after GC invocations=48 (full 0):
 garbage-first heap   total 266240K, used 179282K [0x0000000080000000, 0x0000000100000000)
  region size 1024K, 13 young (13312K), 13 survivors (13312K)
 Metaspace       used 120676K, committed 122880K, reserved 1179648K
  class space    used 16278K, committed 17408K, reserved 1048576K
}
Event: 24.251 GC heap before
{Heap before GC invocations=48 (full 0):
 garbage-first heap   total 266240K, used 264274K [0x0000000080000000, 0x0000000100000000)
  region size 1024K, 51 young (52224K), 13 survivors (13312K)
 Metaspace       used 121001K, committed 123200K, reserved 1179648K
  class space    used 16320K, committed 17472K, reserved 1048576K
}
Event: 24.274 GC heap after
{Heap after GC invocations=49 (full 0):
 garbage-first heap   total 295936K, used 211399K [0x0000000080000000, 0x0000000100000000)
  region size 1024K, 9 young (9216K), 9 survivors (9216K)
 Metaspace       used 121001K, committed 123200K, reserved 1179648K
  class space    used 16320K, committed 17472K, reserved 1048576K
}
Event: 24.352 GC heap before
{Heap before GC invocations=49 (full 0):
 garbage-first heap   total 295936K, used 221639K [0x0000000080000000, 0x0000000100000000)
  region size 1024K, 20 young (20480K), 9 survivors (9216K)
 Metaspace       used 121001K, committed 123200K, reserved 1179648K
  class space    used 16320K, committed 17472K, reserved 1048576K
}
Event: 24.360 GC heap after
{Heap after GC invocations=50 (full 0):
 garbage-first heap   total 295936K, used 216023K [0x0000000080000000, 0x0000000100000000)
  region size 1024K, 5 young (5120K), 5 survivors (5120K)
 Metaspace       used 121001K, committed 123200K, reserved 1179648K
  class space    used 16320K, committed 17472K, reserved 1048576K
}
Event: 24.746 GC heap before
{Heap before GC invocations=51 (full 0):
 garbage-first heap   total 365568K, used 261079K [0x0000000080000000, 0x0000000100000000)
  region size 1024K, 46 young (47104K), 5 survivors (5120K)
 Metaspace       used 121001K, committed 123200K, reserved 1179648K
  class space    used 16320K, committed 17472K, reserved 1048576K
}
Event: 24.767 GC heap after
{Heap after GC invocations=52 (full 0):
 garbage-first heap   total 365568K, used 236095K [0x0000000080000000, 0x0000000100000000)
  region size 1024K, 6 young (6144K), 6 survivors (6144K)
 Metaspace       used 121001K, committed 123200K, reserved 1179648K
  class space    used 16320K, committed 17472K, reserved 1048576K
}
Event: 26.087 GC heap before
{Heap before GC invocations=52 (full 0):
 garbage-first heap   total 365568K, used 306751K [0x0000000080000000, 0x0000000100000000)
  region size 1024K, 73 young (74752K), 6 survivors (6144K)
 Metaspace       used 123724K, committed 125952K, reserved 1179648K
  class space    used 16875K, committed 17984K, reserved 1048576K
}
Event: 26.123 GC heap after
{Heap after GC invocations=53 (full 0):
 garbage-first heap   total 365568K, used 263953K [0x0000000080000000, 0x0000000100000000)
  region size 1024K, 10 young (10240K), 10 survivors (10240K)
 Metaspace       used 123724K, committed 125952K, reserved 1179648K
  class space    used 16875K, committed 17984K, reserved 1048576K
}
Event: 26.413 GC heap before
{Heap before GC invocations=53 (full 0):
 garbage-first heap   total 365568K, used 316177K [0x0000000080000000, 0x0000000100000000)
  region size 1024K, 61 young (62464K), 10 survivors (10240K)
 Metaspace       used 123824K, committed 126016K, reserved 1179648K
  class space    used 16880K, committed 17984K, reserved 1048576K
}
Event: 26.457 GC heap after
{Heap after GC invocations=54 (full 0):
 garbage-first heap   total 365568K, used 292352K [0x0000000080000000, 0x0000000100000000)
  region size 1024K, 8 young (8192K), 8 survivors (8192K)
 Metaspace       used 123824K, committed 126016K, reserved 1179648K
  class space    used 16880K, committed 17984K, reserved 1048576K
}
Event: 26.774 GC heap before
{Heap before GC invocations=54 (full 0):
 garbage-first heap   total 365568K, used 327168K [0x0000000080000000, 0x0000000100000000)
  region size 1024K, 42 young (43008K), 8 survivors (8192K)
 Metaspace       used 123830K, committed 126016K, reserved 1179648K
  class space    used 16880K, committed 17984K, reserved 1048576K
}

